<?xml version="1.0" encoding="UTF-8"?>
<!-- Generated by org.testng.reporters.JUnitXMLReporter -->
<testsuite hostname="nahian-PC" name="Complete NewTours Site Test" tests="4" failures="3" timestamp="28 Jul 2017 13:48:57 GMT" time="20.226" errors="0">
  <testcase name="initiateLogin" time="19.86" classname="com.bitm.selenium4thbatch.Test.BookFlightTest"/>
  <testcase name="initiateFlightFinder" time="0.137" classname="com.bitm.selenium4thbatch.Test.BookFlightTest">
    <failure type="java.lang.AssertionError" message="expected [Find a Flight: Mercury Tours: ] but found [Welcome: Mercury Tours]">
      <![CDATA[java.lang.AssertionError: expected [Find a Flight: Mercury Tours: ] but found [Welcome: Mercury Tours]
	at com.bitm.selenium4thbatch.Test.FlightFinderTest.checkFlightFinderPageTitle(FlightFinderTest.java:35)
	at com.bitm.selenium4thbatch.Test.BookFlightTest.initiateFlightFinder(BookFlightTest.java:26)
... Removed 29 stack frames]]>
    </failure>
  </testcase> <!-- initiateFlightFinder -->
  <testcase name="initiateSelectFlight" time="0.132" classname="com.bitm.selenium4thbatch.Test.BookFlightTest">
    <failure type="java.lang.AssertionError" message="expected [Select a Flight: Mercury Tours] but found [Welcome: Mercury Tours]">
      <![CDATA[java.lang.AssertionError: expected [Select a Flight: Mercury Tours] but found [Welcome: Mercury Tours]
	at com.bitm.selenium4thbatch.Test.SelectFlightTest.checkSelectFlightPageTitle(SelectFlightTest.java:43)
	at com.bitm.selenium4thbatch.Test.BookFlightTest.initiateSelectFlight(BookFlightTest.java:33)
... Removed 29 stack frames]]>
    </failure>
  </testcase> <!-- initiateSelectFlight -->
  <testcase name="bookFlight" time="0.0" classname="com.bitm.selenium4thbatch.Test.BookFlightTest">
    <failure type="java.lang.NullPointerException">
      <![CDATA[java.lang.NullPointerException
	at com.bitm.selenium4thbatch.Test.BookFlightTest.bookFlight(BookFlightTest.java:40)
... Removed 24 stack frames]]>
    </failure>
  </testcase> <!-- bookFlight -->
</testsuite> <!-- Complete NewTours Site Test -->
