<?xml version="1.0" encoding="UTF-8"?>
<!-- Generated by org.testng.reporters.JUnitXMLReporter -->
<testsuite hostname="nahian-PC" name="Complete NewTours Site Test" tests="8" failures="0" timestamp="12 Aug 2017 12:46:52 GMT" time="37.232" errors="0">
  <testcase name="checkHomePageTitle" time="18.943" classname="com.bitm.selenium4thbatch.Test.LoginTest"/>
  <testcase name="loginTest" time="1.605" classname="com.bitm.selenium4thbatch.Test.LoginTest"/>
  <testcase name="checkFlightFinderPageTitle" time="3.933" classname="com.bitm.selenium4thbatch.Test.FlightFinderTest"/>
  <testcase name="flightFinderTest" time="3.512" classname="com.bitm.selenium4thbatch.Test.FlightFinderTest"/>
  <testcase name="checkSelectFlightPageTitle" time="0.263" classname="com.bitm.selenium4thbatch.Test.SelectFlightTest"/>
  <testcase name="checkSelectFlight" time="1.982" classname="com.bitm.selenium4thbatch.Test.SelectFlightTest"/>
  <testcase name="checkBookFlightPageTitle" time="0.239" classname="com.bitm.selenium4thbatch.Test.BookFlightTest"/>
  <testcase name="bookFlightTest" time="3.165" classname="com.bitm.selenium4thbatch.Test.BookFlightTest"/>
</testsuite> <!-- Complete NewTours Site Test -->
