<?xml version="1.0" encoding="UTF-8"?>
<!-- Generated by org.testng.reporters.JUnitXMLReporter -->
<testsuite hostname="nahian-PC" name="Complete NewTours Site Test" tests="4" failures="0" timestamp="5 Aug 2017 22:00:49 GMT" time="27.659" errors="0">
  <testcase name="checkHomePageTitle" time="23.237" classname="com.bitm.selenium4thbatch.Test.LoginTest"/>
  <testcase name="bookFlightTest" time="0.002" classname="com.bitm.selenium4thbatch.Test.BookFlightTest">
    <skipped/>
  </testcase> <!-- bookFlightTest -->
  <testcase name="loginTest" time="1.418" classname="com.bitm.selenium4thbatch.Test.LoginTest"/>
  <testcase name="flightFinderTest" time="0.232" classname="com.bitm.selenium4thbatch.Test.FlightFinderTest">
    <skipped/>
  </testcase> <!-- flightFinderTest -->
</testsuite> <!-- Complete NewTours Site Test -->
