<?xml version="1.0" encoding="UTF-8"?>
<testng-results skipped="0" failed="0" total="8" passed="8">
  <reporter-output>
  </reporter-output>
  <suite name="Test Newtours Site" duration-ms="37232" started-at="2017-08-12T12:46:14Z" finished-at="2017-08-12T12:46:51Z">
    <groups>
    </groups>
    <test name="Complete NewTours Site Test" duration-ms="37232" started-at="2017-08-12T12:46:14Z" finished-at="2017-08-12T12:46:51Z">
      <class name="com.bitm.selenium4thbatch.Test.BookFlightTest">
        <test-method status="PASS" signature="checkBookFlightPageTitle()[pri:0, instance:com.bitm.selenium4thbatch.Test.BookFlightTest@5792a0]" name="checkBookFlightPageTitle" duration-ms="239" started-at="2017-08-12T18:46:48Z" finished-at="2017-08-12T18:46:48Z">
          <reporter-output>
          </reporter-output>
        </test-method> <!-- checkBookFlightPageTitle -->
        <test-method status="PASS" signature="bookFlightTest(java.util.List)[pri:0, instance:com.bitm.selenium4thbatch.Test.BookFlightTest@5792a0]" name="bookFlightTest" duration-ms="3165" started-at="2017-08-12T18:46:48Z" data-provider="bookflightdataprovider" finished-at="2017-08-12T18:46:51Z">
          <params>
            <param index="0">
              <value>
                <![CDATA[[BookFlightDto [firstName=nahian, lastName=rabbi, meal=Muslim, cardType=afreen, cardNumber=rahman, cardExpirationMonth=Muslim, cardExpirationDate=Visa, cardFirstName=45534258, cardMiddleName=4, cardLastName=2008, billingAddressLine1=nahian, billingAddressLine2=e, billinCity=rabbi, billingState=mirpur, billingPostalCode=dhaka, billingCountry=dhaka, deliveryAddressLine1=dhaka, deliveryAddressLine2=1216, deliveryCity=BANGLADESH, deliveryState=null, deliveryPostalCode=null, deliveryCountry=null]]]]>
              </value>
            </param>
          </params>
          <reporter-output>
          </reporter-output>
        </test-method> <!-- bookFlightTest -->
      </class> <!-- com.bitm.selenium4thbatch.Test.BookFlightTest -->
      <class name="com.bitm.selenium4thbatch.Test.LoginTest">
        <test-method status="PASS" signature="checkHomePageTitle()[pri:0, instance:com.bitm.selenium4thbatch.Test.LoginTest@1832929]" name="checkHomePageTitle" duration-ms="18943" started-at="2017-08-12T18:46:14Z" finished-at="2017-08-12T18:46:33Z">
          <reporter-output>
          </reporter-output>
        </test-method> <!-- checkHomePageTitle -->
        <test-method status="PASS" signature="loginTest(java.util.List)[pri:0, instance:com.bitm.selenium4thbatch.Test.LoginTest@1832929]" name="loginTest" duration-ms="1605" started-at="2017-08-12T18:46:36Z" data-provider="logindataprovider" finished-at="2017-08-12T18:46:38Z">
          <params>
            <param index="0">
              <value>
                <![CDATA[[LoginDto [username=demo, password=demo]]]]>
              </value>
            </param>
          </params>
          <reporter-output>
          </reporter-output>
        </test-method> <!-- loginTest -->
      </class> <!-- com.bitm.selenium4thbatch.Test.LoginTest -->
      <class name="com.bitm.selenium4thbatch.Test.FlightFinderTest">
        <test-method status="PASS" signature="checkFlightFinderPageTitle()[pri:0, instance:com.bitm.selenium4thbatch.Test.FlightFinderTest@1f3ddb1]" name="checkFlightFinderPageTitle" duration-ms="3933" started-at="2017-08-12T18:46:38Z" finished-at="2017-08-12T18:46:42Z">
          <reporter-output>
          </reporter-output>
        </test-method> <!-- checkFlightFinderPageTitle -->
        <test-method status="PASS" signature="flightFinderTest(java.util.List)[pri:0, instance:com.bitm.selenium4thbatch.Test.FlightFinderTest@1f3ddb1]" name="flightFinderTest" duration-ms="3512" started-at="2017-08-12T18:46:42Z" data-provider="flightfinderdataprovider" finished-at="2017-08-12T18:46:46Z">
          <params>
            <param index="0">
              <value>
                <![CDATA[[FlightFinderDto [passengers=2, airline=Unified Airlines, returningDate=10, returningMonth=January, arrivingIn=New York, departingMonth=December, departingDate=10, departingFrom=London]]]]>
              </value>
            </param>
          </params>
          <reporter-output>
          </reporter-output>
        </test-method> <!-- flightFinderTest -->
      </class> <!-- com.bitm.selenium4thbatch.Test.FlightFinderTest -->
      <class name="com.bitm.selenium4thbatch.Test.SelectFlightTest">
        <test-method status="PASS" signature="checkSelectFlightPageTitle()[pri:0, instance:com.bitm.selenium4thbatch.Test.SelectFlightTest@1774679]" name="checkSelectFlightPageTitle" duration-ms="263" started-at="2017-08-12T18:46:46Z" finished-at="2017-08-12T18:46:46Z">
          <reporter-output>
          </reporter-output>
        </test-method> <!-- checkSelectFlightPageTitle -->
        <test-method status="PASS" signature="checkSelectFlight()[pri:0, instance:com.bitm.selenium4thbatch.Test.SelectFlightTest@1774679]" name="checkSelectFlight" duration-ms="1982" started-at="2017-08-12T18:46:46Z" finished-at="2017-08-12T18:46:48Z">
          <reporter-output>
          </reporter-output>
        </test-method> <!-- checkSelectFlight -->
      </class> <!-- com.bitm.selenium4thbatch.Test.SelectFlightTest -->
    </test> <!-- Complete NewTours Site Test -->
  </suite> <!-- Test Newtours Site -->
</testng-results>
